Arguments: 
  /usr/local/bin/node /usr/share/yarn/bin/yarn.js add cors --save

PATH: 
  /home/abhinav/bin:/home/abhinav/bin:/usr/local/sbin:/usr/local/bin:/usr/sbin:/usr/bin:/sbin:/bin:/usr/games:/usr/local/games:/usr/lib/java/jdk1.8.0_51/bin:/usr/lib/java/jdk1.8.0_51/bin

Yarn version: 
  1.12.3

Node version: 
  11.6.0

Platform: 
  linux x64

Trace: 
  Error: EACCES: permission denied, mkdir '/home/abhinav/Desktop/neflick-backend/node_modules/http-errors/node_modules'

npm manifest: 
  {
    "name": "neflick-backend",
    "version": "1.0.0",
    "description": "Back-End for neflick (Netflix Clone)",
    "main": "server.js",
    "scripts": {
      "test": "echo \"Error: no test specified\" && exit 1",
      "start": "node server/server.js"
    },
    "author": "Abhinav Kumar",
    "license": "ISC",
    "dependencies": {
      "bcryptjs": "^2.4.3",
      "body-parser": "^1.18.3",
      "dotenv": "^6.2.0",
      "express": "^4.16.4",
      "jsonwebtoken": "^8.4.0",
      "lodash": "^4.17.11",
      "mongoose": "^5.4.2",
      "validator": "^10.10.0"
    }
  }

yarn manifest: 
  No manifest

Lockfile: 
  No lockfile
